[2026-04-07 11:55:37.98] START 
C:\Users\Admin\Documents\game-news\game_news_crawler.py:1159: SyntaxWarning: "\." is an invalid escape sequence. Such sequences will not work in the future. Did you mean "\\."? A raw string is also an option.
  return txt.replace(/\.\s+/g, ".\\n").replace(/\?\s+/g, "?\\n").replace(/!\s+/g, "!\\n");
=== АдРг ОїАш ЕПЧт ХЉЗбЗЏ v3.0 | НЧЧр: 2026-04-07 11:55 KST ===
    МіС§ ДыЛѓ: 2026-04-06 00:00 ~ 2026-04-06 23:59 KST

[1/3] ХЉЗбИЕ НУРл
  ЂК Е№НКРЬСюАдРг
  ЂК АдРгИоФЋ
  ЂК АдРгСЖМБ
  ЂК РЮКЅ
  ЂК АдРгЦїФПНК
  ЂК ЗчИЎРЅ ДКНК
  ЂК ЗчИЎРЅ КЃНКЦЎ
  ЂК ГзРЬЙіДКНК IT/АдРг
  ЂК Game Developer
  ЂК VentureBeat
  ЂК PocketGamer.biz

  СпКЙ СІАХ ШФ: 90АЧ (ПјКЛ ХЌЗЏНКХЭ 90АГ)
Traceback (most recent call last):
  File "C:\Users\Admin\Documents\game-news\game_news_crawler.py", line 1712, in <module>
    main()
    ~~~~^^
  File "C:\Users\Admin\Documents\game-news\game_news_crawler.py", line 1684, in main
    run_all()
    ~~~~~~~^^
  File "C:\Users\Admin\Documents\game-news\game_news_crawler.py", line 611, in run_all
    print(f"  \u2022 {k}: {v}АЧ")
    ~~~~~^^^^^^^^^^^^^^^^^^^
UnicodeEncodeError: 'cp949' codec can't encode character '\u2022' in position 2: illegal multibyte sequence
[2026-04-07 11:55:46.24] END 
[2026-04-07 11:55:58.18] START 
C:\Users\Admin\Documents\game-news\game_news_crawler.py:1159: SyntaxWarning: "\." is an invalid escape sequence. Such sequences will not work in the future. Did you mean "\\."? A raw string is also an option.
  return txt.replace(/\.\s+/g, ".\\n").replace(/\?\s+/g, "?\\n").replace(/!\s+/g, "!\\n");
=== АдРг ОїАш ЕПЧт ХЉЗбЗЏ v3.0 | НЧЧр: 2026-04-07 11:55 KST ===
    МіС§ ДыЛѓ: 2026-04-06 00:00 ~ 2026-04-06 23:59 KST

[1/3] ХЉЗбИЕ НУРл
  ЂК Е№НКРЬСюАдРг
  ЂК АдРгИоФЋ
  ЂК АдРгСЖМБ
  ЂК РЮКЅ
  ЂК АдРгЦїФПНК
  ЂК ЗчИЎРЅ ДКНК
  ЂК ЗчИЎРЅ КЃНКЦЎ
  ЂК ГзРЬЙіДКНК IT/АдРг
  ЂК Game Developer
  ЂК VentureBeat
  ЂК PocketGamer.biz

  СпКЙ СІАХ ШФ: 90АЧ (ПјКЛ ХЌЗЏНКХЭ 90АГ)
Traceback (most recent call last):
  File "C:\Users\Admin\Documents\game-news\game_news_crawler.py", line 1712, in <module>
    main()
    ~~~~^^
  File "C:\Users\Admin\Documents\game-news\game_news_crawler.py", line 1684, in main
    run_all()
    ~~~~~~~^^
  File "C:\Users\Admin\Documents\game-news\game_news_crawler.py", line 611, in run_all
    print(f"  \u2022 {k}: {v}АЧ")
    ~~~~~^^^^^^^^^^^^^^^^^^^
UnicodeEncodeError: 'cp949' codec can't encode character '\u2022' in position 2: illegal multibyte sequence
[2026-04-07 11:56:03.15] END 
[2026-04-07 11:56:09.57] START 
C:\Users\Admin\Documents\game-news\game_news_crawler.py:1159: SyntaxWarning: "\." is an invalid escape sequence. Such sequences will not work in the future. Did you mean "\\."? A raw string is also an option.
  return txt.replace(/\.\s+/g, ".\\n").replace(/\?\s+/g, "?\\n").replace(/!\s+/g, "!\\n");
^C[2026-04-07 11:56:33.49] START 
C:\Users\Admin\Documents\game-news\game_news_crawler.py:1159: SyntaxWarning: "\." is an invalid escape sequence. Such sequences will not work in the future. Did you mean "\\."? A raw string is also an option.
  return txt.replace(/\.\s+/g, ".\\n").replace(/\?\s+/g, "?\\n").replace(/!\s+/g, "!\\n");
=== АдРг ОїАш ЕПЧт ХЉЗбЗЏ v3.0 | НЧЧр: 2026-04-07 11:56 KST ===
    МіС§ ДыЛѓ: 2026-04-06 00:00 ~ 2026-04-06 23:59 KST

[1/3] ХЉЗбИЕ НУРл
  ЂК Е№НКРЬСюАдРг
  ЂК АдРгИоФЋ
  ЂК АдРгСЖМБ
  ЂК РЮКЅ
  ЂК АдРгЦїФПНК
  ЂК ЗчИЎРЅ ДКНК
  ЂК ЗчИЎРЅ КЃНКЦЎ
  ЂК ГзРЬЙіДКНК IT/АдРг
  ЂК Game Developer
  ЂК VentureBeat
  ЂК PocketGamer.biz

  СпКЙ СІАХ ШФ: 90АЧ (ПјКЛ ХЌЗЏНКХЭ 90АГ)
Traceback (most recent call last):
  File "C:\Users\Admin\Documents\game-news\game_news_crawler.py", line 1712, in <module>
    main()
    ~~~~^^
  File "C:\Users\Admin\Documents\game-news\game_news_crawler.py", line 1684, in main
    run_all()
    ~~~~~~~^^
  File "C:\Users\Admin\Documents\game-news\game_news_crawler.py", line 611, in run_all
    print(f"  \u2022 {k}: {v}АЧ")
    ~~~~~^^^^^^^^^^^^^^^^^^^
UnicodeEncodeError: 'cp949' codec can't encode character '\u2022' in position 2: illegal multibyte sequence
[2026-04-07 11:56:38.73] END 
[2026-04-07 11:56:40.94] START 
C:\Users\Admin\Documents\game-news\game_news_crawler.py:1159: SyntaxWarning: "\." is an invalid escape sequence. Such sequences will not work in the future. Did you mean "\\."? A raw string is also an option.
  return txt.replace(/\.\s+/g, ".\\n").replace(/\?\s+/g, "?\\n").replace(/!\s+/g, "!\\n");
^C[2026-04-07 11:56:57.54] START 
C:\Users\Admin\Documents\game-news\game_news_crawler.py:1159: SyntaxWarning: "\." is an invalid escape sequence. Such sequences will not work in the future. Did you mean "\\."? A raw string is also an option.
  return txt.replace(/\.\s+/g, ".\\n").replace(/\?\s+/g, "?\\n").replace(/!\s+/g, "!\\n");
=== АдРг ОїАш ЕПЧт ХЉЗбЗЏ v3.0 | НЧЧр: 2026-04-07 11:56 KST ===
    МіС§ ДыЛѓ: 2026-04-06 00:00 ~ 2026-04-06 23:59 KST

[1/3] ХЉЗбИЕ НУРл
  ЂК Е№НКРЬСюАдРг
  ЂК АдРгИоФЋ
  ЂК АдРгСЖМБ
  ЂК РЮКЅ
  ЂК АдРгЦїФПНК
  ЂК ЗчИЎРЅ ДКНК
  ЂК ЗчИЎРЅ КЃНКЦЎ
  ЂК ГзРЬЙіДКНК IT/АдРг
  ЂК Game Developer
  ЂК VentureBeat
  ЂК PocketGamer.biz

  СпКЙ СІАХ ШФ: 92АЧ (ПјКЛ ХЌЗЏНКХЭ 92АГ)
Traceback (most recent call last):
  File "C:\Users\Admin\Documents\game-news\game_news_crawler.py", line 1712, in <module>
    main()
    ~~~~^^
  File "C:\Users\Admin\Documents\game-news\game_news_crawler.py", line 1684, in main
    run_all()
    ~~~~~~~^^
  File "C:\Users\Admin\Documents\game-news\game_news_crawler.py", line 611, in run_all
    print(f"  \u2022 {k}: {v}АЧ")
    ~~~~~^^^^^^^^^^^^^^^^^^^
UnicodeEncodeError: 'cp949' codec can't encode character '\u2022' in position 2: illegal multibyte sequence
[2026-04-07 11:57:03.14] END 
[2026-04-07 12:09:22.99] START 
C:\Users\Admin\Documents\game-news\game_news_crawler.py:1159: SyntaxWarning: "\s" is an invalid escape sequence. Such sequences will not work in the future. Did you mean "\\s"? A raw string is also an option.
  return txt.replace(/[.]\s+/g, ".\\n").replace(/[?]\s+/g, "?\\n").replace(/[!]\s+/g, "!\\n");
=== АдРг ОїАш ЕПЧт ХЉЗбЗЏ v3.0 | НЧЧр: 2026-04-07 12:09 KST ===
    МіС§ ДыЛѓ: 2026-04-06 00:00 ~ 2026-04-06 23:59 KST

[1/3] ХЉЗбИЕ НУРл
  ЂК Е№НКРЬСюАдРг
  ЂК АдРгИоФЋ
  ЂК АдРгСЖМБ
  ЂК РЮКЅ
  ЂК АдРгЦїФПНК
  ЂК ЗчИЎРЅ ДКНК
  ЂК ЗчИЎРЅ КЃНКЦЎ
  ЂК ГзРЬЙіДКНК IT/АдРг
  ЂК Game Developer
  ЂК VentureBeat
  ЂК PocketGamer.biz

  СпКЙ СІАХ ШФ: 91АЧ (ПјКЛ ХЌЗЏНКХЭ 91АГ)
  - РЯЙн: 57АЧ
  - АдРг ШИЛч ЕПЧт: 6АЧ
  - АдРг МвНФ: 14АЧ
  - НХРл МвНФ: 14АЧ

[1-1] БтЛч КЛЙЎ КИА­
  КЛЙЎ КИА­ Сп (91АЧ, КДЗФ 8)...
  КЛЙЎ КИА­ ПЯЗс: 74/91АЧ / РЬКЅЦЎ ГЏТЅ: 5АЧ

[2/4] XLSX РњРх
  XLSX РњРх: C:\Users\Admin\Desktop\РЯРЯ УМХЉИЎНКЦЎ\2026.04.06\game_news_20260406.xlsx

[3/4] JSON + HTML РњРх
  JSON РњРх: C:\Users\Admin\Documents\game-news\data\2026-04-06.json (91АЧ)
  dates.json ОїЕЅРЬЦЎ: 3АГ ГЏТЅ
  HTML РњРх: C:\Users\Admin\Documents\game-news\index.html

[4/4] GitHub Pages ЙшЦї
  [WARN] GitHub ЙшЦї ПРЗљ: 'cp949' codec can't encode character '\u2713' in position 21: illegal multibyte sequence

=== ПЯЗс: 91АЧ УГИЎ ===
[2026-04-07 12:09:41.79] END 
[2026-04-07 12:11:05.66] START 
C:\Users\Admin\Documents\game-news\game_news_crawler.py:1159: SyntaxWarning: "\s" is an invalid escape sequence. Such sequences will not work in the future. Did you mean "\\s"? A raw string is also an option.
  return txt.replace(/[.]\s+/g, ".\\n").replace(/[?]\s+/g, "?\\n").replace(/[!]\s+/g, "!\\n");
=== ъВь ьъГ ыэЅ эЌыЁЄыЌ v3.0 | ьЄэ: 2026-04-07 12:11 KST ===
    ььЇ ыь: 2026-04-06 00:00 ~ 2026-04-06 23:59 KST

[1/3] эЌыЁЄыЇ ьь
  тЖ ыьЄьДьІъВь
  тЖ ъВьыЉьЙД
  тЖ ъВььЁАь 
  тЖ ьИыВЄ
  тЖ ъВьэЌьЛЄьЄ
  тЖ ыЃЈыІЌьЙ ыДьЄ
  тЖ ыЃЈыІЌьЙ ыВ ьЄэИ
  тЖ ыЄьДыВыДьЄ IT/ъВь
  тЖ Game Developer
  тЖ VentureBeat
  тЖ PocketGamer.biz

  ьЄыГЕ ь ъБА э: 90ъБД (ьыГИ эДыЌьЄэА 90ъА)
  - ьМыА: 54ъБД
  - ъВь эьЌ ыэЅ: 7ъБД
  - ъВь ьь: 14ъБД
  - ь ь ьь: 15ъБД

[1-1] ъИАьЌ ыГИыЌИ ыГДъА
  ыГИыЌИ ыГДъА ьЄ (90ъБД, ыГы Ќ 8)...
  ыГИыЌИ ыГДъА ьыЃ: 73/90ъБД / ьДыВЄэИ ы ьЇ: 5ъБД

[2/4] XLSX ь ьЅ
  XLSX ь ьЅ: C:\Users\Admin\Desktop\ьМьМ ьВДэЌыІЌьЄэИ\2026.04.06\game_news_20260406.xlsx

[3/4] JSON + HTML ь ьЅ
  JSON ь ьЅ: C:\Users\Admin\Documents\game-news\data\2026-04-06.json (90ъБД)
  dates.json ьыАьДэИ: 3ъА ы ьЇ
  HTML ь ьЅ: C:\Users\Admin\Documents\game-news\index.html

[4/4] GitHub Pages ыААэЌ
  GitHub Pages ыААэЌ ьыЃ т

=== ьыЃ: 90ъБД ьВыІЌ ===
[2026-04-07 12:11:23.11] END 
[2026-04-07 12:19:58.89] START 
