[2026-04-19  0:00:01.59] START 
C:\Users\Admin\Documents\game-news\game_news_crawler.py:1130: SyntaxWarning: "\[" is an invalid escape sequence. Such sequences will not work in the future. Did you mean "\\["? A raw string is also an option.
  t = t.replace(/^[\[\(【《〈][^\]\)】》〉]*[\]\)】》〉]\s*/, '');
=== 게임 업계 동향 크롤러 v3.0 | 실행: 2026-04-19 00:00 KST ===
    수집 대상: 2026-04-18 00:00 ~ 2026-04-18 23:59 KST

[1/3] 크롤링 시작
  ▶ 디스이즈게임
  ▶ 게임메카
  ▶ 게임조선
  ▶ 인벤
  ▶ 게임포커스
  ▶ 루리웹 뉴스
  ▶ 루리웹 베스트
  ▶ 네이버뉴스 IT/게임
  ▶ Game Developer
  ▶ VentureBeat
  ▶ PocketGamer.biz

  중복 제거 후: 64건 (원본 클러스터 64개)
  - 일반: 48건
  - 신작 소식: 9건
  - 게임 소식: 6건
  - 게임 회사 동향: 1건

[1-1] 기사 본문 보강
  본문 보강 중 (64건, 병렬 8)...
  날짜 재필터: 50건 제거 (범위 외)
  본문 보강 완료: 14/14건 / 이벤트 날짜: 1건

[2/4] XLSX 저장
  XLSX 저장: C:\Users\Admin\Desktop\일일 체크리스트\2026.04.18\game_news_20260418.xlsx

[3/4] JSON + HTML 저장
  JSON 저장: C:\Users\Admin\Documents\game-news\data\2026-04-18.json (14건)
  dates.json 업데이트: 15개 날짜
  HTML 저장: C:\Users\Admin\Documents\game-news\index.html

[4/4] GitHub Pages 배포
  GitHub Pages 배포 완료 ✓

=== 완료: 14건 처리 ===
[2026-04-19  0:00:19.69] END 
