[2026-04-14  0:00:01.54] START 
C:\Users\Admin\Documents\game-news\game_news_crawler.py:1130: SyntaxWarning: "\[" is an invalid escape sequence. Such sequences will not work in the future. Did you mean "\\["? A raw string is also an option.
  t = t.replace(/^[\[\(【《〈][^\]\)】》〉]*[\]\)】》〉]\s*/, '');
=== 게임 업계 동향 크롤러 v3.0 | 실행: 2026-04-14 00:00 KST ===
    수집 대상: 2026-04-13 00:00 ~ 2026-04-13 23:59 KST

[1/3] 크롤링 시작
  ▶ 디스이즈게임
  ▶ 게임메카
  ▶ 게임조선
  ▶ 인벤
  ▶ 게임포커스
  ▶ 루리웹 뉴스
  ▶ 루리웹 베스트
  ▶ 네이버뉴스 IT/게임
  ▶ Game Developer
  ▶ VentureBeat
  ▶ PocketGamer.biz

  중복 제거 후: 84건 (원본 클러스터 84개)
  - 일반: 56건
  - 신작 소식: 18건
  - 게임 회사 동향: 6건
  - 게임 소식: 4건

[1-1] 기사 본문 보강
  본문 보강 중 (84건, 병렬 8)...
  날짜 재필터: 49건 제거 (범위 외)
  본문 보강 완료: 28/35건 / 이벤트 날짜: 8건

[2/4] XLSX 저장
  XLSX 저장: C:\Users\Admin\Desktop\일일 체크리스트\2026.04.13\game_news_20260413.xlsx

[3/4] JSON + HTML 저장
  JSON 저장: C:\Users\Admin\Documents\game-news\data\2026-04-13.json (35건)
  dates.json 업데이트: 10개 날짜
  HTML 저장: C:\Users\Admin\Documents\game-news\index.html

[4/4] GitHub Pages 배포
  GitHub Pages 배포 완료 ✓

=== 완료: 35건 처리 ===
[2026-04-14  0:00:23.46] END 
